<?xml version="1.0" encoding="UTF-8"?>
<coverage generated="1720427184991" clover="3.2.0">
  <project timestamp="1720427184991" name="All files">
    <metrics statements="72" coveredstatements="51" conditionals="22" coveredconditionals="15" methods="28" coveredmethods="17" elements="122" coveredelements="83" complexity="0" loc="72" ncloc="72" packages="1" files="3" classes="3"/>
    <file name="groceryCart.js" path="C:\Users\mchan\OneDrive\Documents\GitHub\ACCAD3\bddDemo\src\groceryCart.js">
      <metrics statements="16" coveredstatements="11" conditionals="4" coveredconditionals="3" methods="9" coveredmethods="5"/>
      <line num="3" count="0" type="stmt"/>
      <line num="4" count="0" type="stmt"/>
      <line num="8" count="0" type="stmt"/>
      <line num="13" count="1" type="stmt"/>
      <line num="14" count="1" type="stmt"/>
      <line num="17" count="2" type="stmt"/>
      <line num="21" count="21" type="cond" truecount="1" falsecount="1"/>
      <line num="22" count="0" type="stmt"/>
      <line num="24" count="21" type="stmt"/>
      <line num="28" count="0" type="stmt"/>
      <line num="32" count="21" type="stmt"/>
      <line num="36" count="7" type="stmt"/>
      <line num="41" count="7" type="cond" truecount="2" falsecount="0"/>
      <line num="42" count="1" type="stmt"/>
      <line num="45" count="7" type="stmt"/>
      <line num="49" count="1" type="stmt"/>
    </file>
    <file name="teacherClass.js" path="C:\Users\mchan\OneDrive\Documents\GitHub\ACCAD3\bddDemo\src\teacherClass.js">
      <metrics statements="35" coveredstatements="30" conditionals="10" coveredconditionals="8" methods="12" coveredmethods="10"/>
      <line num="3" count="0" type="stmt"/>
      <line num="4" count="0" type="stmt"/>
      <line num="8" count="0" type="stmt"/>
      <line num="13" count="1" type="stmt"/>
      <line num="14" count="1" type="stmt"/>
      <line num="17" count="5" type="cond" truecount="1" falsecount="1"/>
      <line num="18" count="0" type="stmt"/>
      <line num="20" count="5" type="stmt"/>
      <line num="25" count="2" type="stmt"/>
      <line num="26" count="20" type="stmt"/>
      <line num="27" count="20" type="cond" truecount="2" falsecount="0"/>
      <line num="29" count="2" type="stmt"/>
      <line num="34" count="1" type="stmt"/>
      <line num="35" count="10" type="stmt"/>
      <line num="37" count="1" type="stmt"/>
      <line num="43" count="1" type="cond" truecount="1" falsecount="1"/>
      <line num="44" count="0" type="stmt"/>
      <line num="47" count="1" type="stmt"/>
      <line num="48" count="10" type="cond" truecount="2" falsecount="0"/>
      <line num="49" count="1" type="stmt"/>
      <line num="51" count="10" type="stmt"/>
      <line num="52" count="10" type="stmt"/>
      <line num="54" count="1" type="stmt"/>
      <line num="60" count="1" type="stmt"/>
      <line num="65" count="1" type="stmt"/>
      <line num="66" count="10" type="stmt"/>
      <line num="67" count="10" type="stmt"/>
      <line num="68" count="10" type="cond" truecount="2" falsecount="0"/>
      <line num="69" count="1" type="stmt"/>
      <line num="71" count="10" type="stmt"/>
      <line num="72" count="10" type="stmt"/>
      <line num="74" count="1" type="stmt"/>
      <line num="79" count="1" type="stmt"/>
      <line num="82" count="1" type="stmt"/>
      <line num="86" count="1" type="stmt"/>
    </file>
    <file name="user.js" path="C:\Users\mchan\OneDrive\Documents\GitHub\ACCAD3\bddDemo\src\user.js">
      <metrics statements="21" coveredstatements="10" conditionals="8" coveredconditionals="4" methods="7" coveredmethods="2"/>
      <line num="3" count="0" type="stmt"/>
      <line num="4" count="0" type="stmt"/>
      <line num="8" count="0" type="stmt"/>
      <line num="13" count="1" type="stmt"/>
      <line num="17" count="2" type="cond" truecount="1" falsecount="1"/>
      <line num="18" count="0" type="stmt"/>
      <line num="21" count="2" type="stmt"/>
      <line num="22" count="2" type="stmt"/>
      <line num="23" count="2" type="stmt"/>
      <line num="24" count="2" type="stmt"/>
      <line num="25" count="2" type="stmt"/>
      <line num="30" count="2" type="cond" truecount="3" falsecount="1"/>
      <line num="31" count="2" type="stmt"/>
      <line num="33" count="0" type="stmt"/>
      <line num="38" count="0" type="cond" truecount="0" falsecount="2"/>
      <line num="39" count="0" type="stmt"/>
      <line num="41" count="0" type="stmt"/>
      <line num="43" count="0" type="stmt"/>
      <line num="47" count="0" type="stmt"/>
      <line num="52" count="0" type="stmt"/>
      <line num="56" count="1" type="stmt"/>
    </file>
  </project>
</coverage>
