<?xml version="1.0" encoding="UTF-8"?>
<coverage generated="1720418720876" clover="3.2.0">
  <project timestamp="1720418720876" name="All files">
    <metrics statements="37" coveredstatements="21" conditionals="12" coveredconditionals="7" methods="16" coveredmethods="7" elements="65" coveredelements="35" complexity="0" loc="37" ncloc="37" packages="1" files="2" classes="2"/>
    <file name="groceryCart.js" path="C:\Users\Jia Yong\Desktop\ACCAD\bddDemo (Student Copy)\src\groceryCart.js">
      <metrics statements="16" coveredstatements="11" conditionals="4" coveredconditionals="3" methods="9" coveredmethods="5"/>
      <line num="3" count="0" type="stmt"/>
      <line num="4" count="0" type="stmt"/>
      <line num="8" count="0" type="stmt"/>
      <line num="13" count="1" type="stmt"/>
      <line num="14" count="1" type="stmt"/>
      <line num="17" count="2" type="stmt"/>
      <line num="21" count="21" type="cond" truecount="1" falsecount="1"/>
      <line num="22" count="0" type="stmt"/>
      <line num="24" count="21" type="stmt"/>
      <line num="28" count="0" type="stmt"/>
      <line num="32" count="21" type="stmt"/>
      <line num="36" count="7" type="stmt"/>
      <line num="41" count="7" type="cond" truecount="2" falsecount="0"/>
      <line num="42" count="1" type="stmt"/>
      <line num="45" count="7" type="stmt"/>
      <line num="49" count="1" type="stmt"/>
    </file>
    <file name="user.js" path="C:\Users\Jia Yong\Desktop\ACCAD\bddDemo (Student Copy)\src\user.js">
      <metrics statements="21" coveredstatements="10" conditionals="8" coveredconditionals="4" methods="7" coveredmethods="2"/>
      <line num="3" count="0" type="stmt"/>
      <line num="4" count="0" type="stmt"/>
      <line num="8" count="0" type="stmt"/>
      <line num="13" count="1" type="stmt"/>
      <line num="17" count="2" type="cond" truecount="1" falsecount="1"/>
      <line num="18" count="0" type="stmt"/>
      <line num="21" count="2" type="stmt"/>
      <line num="22" count="2" type="stmt"/>
      <line num="23" count="2" type="stmt"/>
      <line num="24" count="2" type="stmt"/>
      <line num="25" count="2" type="stmt"/>
      <line num="30" count="2" type="cond" truecount="3" falsecount="1"/>
      <line num="31" count="2" type="stmt"/>
      <line num="33" count="0" type="stmt"/>
      <line num="38" count="0" type="cond" truecount="0" falsecount="2"/>
      <line num="39" count="0" type="stmt"/>
      <line num="41" count="0" type="stmt"/>
      <line num="43" count="0" type="stmt"/>
      <line num="47" count="0" type="stmt"/>
      <line num="52" count="0" type="stmt"/>
      <line num="56" count="1" type="stmt"/>
    </file>
  </project>
</coverage>
