TN:
SF:src\groceryCart.js
FN:2,(anonymous_0)
FN:7,(anonymous_1)
FN:16,(anonymous_2)
FN:20,(anonymous_3)
FN:27,(anonymous_4)
FN:28,(anonymous_5)
FN:31,(anonymous_6)
FN:32,(anonymous_7)
FN:35,(anonymous_8)
FNF:9
FNH:5
FNDA:0,(anonymous_0)
FNDA:0,(anonymous_1)
FNDA:2,(anonymous_2)
FNDA:21,(anonymous_3)
FNDA:0,(anonymous_4)
FNDA:0,(anonymous_5)
FNDA:7,(anonymous_6)
FNDA:21,(anonymous_7)
FNDA:7,(anonymous_8)
DA:3,0
DA:4,0
DA:8,0
DA:13,1
DA:14,1
DA:17,2
DA:21,21
DA:22,0
DA:24,21
DA:28,0
DA:32,21
DA:36,7
DA:41,7
DA:42,1
DA:45,7
DA:49,1
LF:16
LH:11
BRDA:21,0,0,0
BRDA:21,0,1,21
BRDA:41,1,0,1
BRDA:41,1,1,6
BRF:4
BRH:3
end_of_record
TN:
SF:src\teacherClass.js
FN:2,(anonymous_0)
FN:7,(anonymous_1)
FN:16,(anonymous_2)
FN:24,(anonymous_3)
FN:25,(anonymous_4)
FN:33,(anonymous_5)
FN:35,(anonymous_6)
FN:41,(anonymous_7)
FN:47,(anonymous_8)
FN:58,(anonymous_9)
FN:65,(anonymous_10)
FN:78,(anonymous_11)
FNF:12
FNH:10
FNDA:0,(anonymous_0)
FNDA:0,(anonymous_1)
FNDA:5,(anonymous_2)
FNDA:2,(anonymous_3)
FNDA:20,(anonymous_4)
FNDA:1,(anonymous_5)
FNDA:10,(anonymous_6)
FNDA:1,(anonymous_7)
FNDA:10,(anonymous_8)
FNDA:1,(anonymous_9)
FNDA:10,(anonymous_10)
FNDA:1,(anonymous_11)
DA:3,0
DA:4,0
DA:8,0
DA:13,1
DA:14,1
DA:17,5
DA:18,0
DA:20,5
DA:25,2
DA:26,20
DA:27,20
DA:29,2
DA:34,1
DA:35,10
DA:37,1
DA:43,1
DA:44,0
DA:47,1
DA:48,10
DA:49,1
DA:51,10
DA:52,10
DA:54,1
DA:60,1
DA:65,1
DA:66,10
DA:67,10
DA:68,10
DA:69,1
DA:71,10
DA:72,10
DA:74,1
DA:79,1
DA:82,1
DA:86,1
LF:35
LH:30
BRDA:17,0,0,0
BRDA:17,0,1,5
BRDA:27,1,0,20
BRDA:27,1,1,20
BRDA:43,2,0,0
BRDA:43,2,1,1
BRDA:48,3,0,1
BRDA:48,3,1,9
BRDA:68,4,0,1
BRDA:68,4,1,9
BRF:10
BRH:8
end_of_record
TN:
SF:src\user.js
FN:2,(anonymous_0)
FN:7,(anonymous_1)
FN:16,(anonymous_2)
FN:28,(anonymous_3)
FN:37,(anonymous_4)
FN:46,(anonymous_5)
FN:50,(anonymous_6)
FNF:7
FNH:2
FNDA:0,(anonymous_0)
FNDA:0,(anonymous_1)
FNDA:2,(anonymous_2)
FNDA:2,(anonymous_3)
FNDA:0,(anonymous_4)
FNDA:0,(anonymous_5)
FNDA:0,(anonymous_6)
DA:3,0
DA:4,0
DA:8,0
DA:13,1
DA:17,2
DA:18,0
DA:21,2
DA:22,2
DA:23,2
DA:24,2
DA:25,2
DA:30,2
DA:31,2
DA:33,0
DA:38,0
DA:39,0
DA:41,0
DA:43,0
DA:47,0
DA:52,0
DA:56,1
LF:21
LH:10
BRDA:17,0,0,0
BRDA:17,0,1,2
BRDA:30,1,0,2
BRDA:30,1,1,0
BRDA:30,2,0,2
BRDA:30,2,1,2
BRDA:38,3,0,0
BRDA:38,3,1,0
BRF:8
BRH:4
end_of_record
