TN:
SF:src\groceryCart.js
FN:2,(anonymous_0)
FN:7,(anonymous_1)
FN:16,(anonymous_2)
FN:20,(anonymous_3)
FN:27,(anonymous_4)
FN:28,(anonymous_5)
FN:31,(anonymous_6)
FN:32,(anonymous_7)
FN:35,(anonymous_8)
FNF:9
FNH:5
FNDA:0,(anonymous_0)
FNDA:0,(anonymous_1)
FNDA:2,(anonymous_2)
FNDA:21,(anonymous_3)
FNDA:0,(anonymous_4)
FNDA:0,(anonymous_5)
FNDA:7,(anonymous_6)
FNDA:21,(anonymous_7)
FNDA:7,(anonymous_8)
DA:3,0
DA:4,0
DA:8,0
DA:13,1
DA:14,1
DA:17,2
DA:21,21
DA:22,0
DA:24,21
DA:28,0
DA:32,21
DA:36,7
DA:41,7
DA:42,1
DA:45,7
DA:49,1
LF:16
LH:11
BRDA:21,0,0,0
BRDA:21,0,1,21
BRDA:41,1,0,1
BRDA:41,1,1,6
BRF:4
BRH:3
end_of_record
TN:
SF:src\user.js
FN:2,(anonymous_0)
FN:7,(anonymous_1)
FN:16,(anonymous_2)
FN:28,(anonymous_3)
FN:37,(anonymous_4)
FN:46,(anonymous_5)
FN:50,(anonymous_6)
FNF:7
FNH:2
FNDA:0,(anonymous_0)
FNDA:0,(anonymous_1)
FNDA:2,(anonymous_2)
FNDA:2,(anonymous_3)
FNDA:0,(anonymous_4)
FNDA:0,(anonymous_5)
FNDA:0,(anonymous_6)
DA:3,0
DA:4,0
DA:8,0
DA:13,1
DA:17,2
DA:18,0
DA:21,2
DA:22,2
DA:23,2
DA:24,2
DA:25,2
DA:30,2
DA:31,2
DA:33,0
DA:38,0
DA:39,0
DA:41,0
DA:43,0
DA:47,0
DA:52,0
DA:56,1
LF:21
LH:10
BRDA:17,0,0,0
BRDA:17,0,1,2
BRDA:30,1,0,2
BRDA:30,1,1,0
BRDA:30,2,0,2
BRDA:30,2,1,2
BRDA:38,3,0,0
BRDA:38,3,1,0
BRF:8
BRH:4
end_of_record
